TN:
SF:src/modules/appointments/services/CreateAppointmentService.ts
FN:40,__decorate
FN:40,__metadata
FN:40,__param
FN:40,__awaiter
FN:40,adopt
FN:40,fulfilled
FN:40,rejected
FN:40,step
FN:40,__generator
FN:40,sent
FN:40,g.<computed>
FN:40,verb
FN:40,step
FN:40,__importDefault
FN:15,CreateAppointmentService
FN:20,CreateAppointmentService.execute
FNF:16
FNH:14
FNDA:1,__decorate
FNDA:1,__metadata
FNDA:1,__param
FNDA:3,__awaiter
FNDA:5,adopt
FNDA:5,fulfilled
FNDA:0,rejected
FNDA:7,step
FNDA:3,__generator
FNDA:5,sent
FNDA:0,g.<computed>
FNDA:9,verb
FNDA:8,step
FNDA:1,__importDefault
FNDA:2,CreateAppointmentService
FNDA:3,CreateAppointmentService.execute
DA:1,1
DA:2,1
DA:3,1
DA:4,1
DA:5,1
DA:6,1
DA:7,1
DA:8,1
DA:9,1
DA:10,1
DA:11,1
DA:12,1
DA:13,1
DA:14,1
DA:15,1
DA:16,2
DA:17,2
DA:18,2
DA:19,1
DA:20,1
DA:21,3
DA:22,3
DA:23,3
DA:24,3
DA:25,3
DA:26,3
DA:27,3
DA:28,1
DA:29,1
DA:30,2
DA:31,2
DA:32,2
DA:33,2
DA:34,2
DA:35,3
DA:36,3
DA:37,3
DA:38,1
DA:39,1
DA:40,1
LF:40
LH:40
BRDA:40,0,0,1
BRDA:40,1,0,1
BRDA:40,2,0,0
BRDA:40,3,0,0
BRDA:40,4,0,0
BRDA:40,5,0,0
BRDA:40,6,0,1
BRDA:40,7,0,1
BRDA:40,8,0,1
BRDA:40,9,0,3
BRDA:40,10,0,5
BRDA:40,11,0,0
BRDA:40,12,0,3
BRDA:40,13,0,5
BRDA:40,14,0,1
BRDA:40,15,0,7
BRDA:40,16,0,2
BRDA:40,17,0,5
BRDA:40,18,0,3
BRDA:40,19,0,5
BRDA:40,20,0,0
BRDA:40,21,0,9
BRDA:40,22,0,8
BRDA:40,23,0,8
BRDA:40,24,0,0
BRDA:40,25,0,16
BRDA:40,26,0,0
BRDA:40,27,0,0
BRDA:40,28,0,0
BRDA:40,29,0,0
BRDA:40,30,0,8
BRDA:40,31,0,8
BRDA:40,32,0,5
BRDA:40,33,0,0
BRDA:40,34,0,0
BRDA:40,35,0,3
BRDA:40,36,0,0
BRDA:40,37,0,2
BRDA:40,38,0,0
BRDA:40,39,0,0
BRDA:40,40,0,0
BRDA:40,41,0,0
BRDA:40,42,0,8
BRDA:40,43,0,1
BRDA:40,44,0,8
BRDA:40,45,0,3
BRDA:40,46,0,1
BRDA:40,47,0,2
BRDA:40,48,0,0
BRDA:40,49,0,1
BRDA:40,50,0,0
BRDA:14,51,0,1
BRDA:15,52,0,2
BRDA:20,53,0,3
BRDA:40,54,0,3
BRDA:40,55,0,8
BRDA:40,56,0,3
BRDA:40,57,0,3
BRDA:27,58,0,1
BRDA:29,59,0,2
BRDA:40,60,0,2
BRF:61
BRH:41
end_of_record
TN:
SF:src/modules/users/services/AuthenticateUserService.ts
FN:55,__decorate
FN:55,__metadata
FN:55,__param
FN:55,__awaiter
FN:55,adopt
FN:55,fulfilled
FN:55,rejected
FN:55,step
FN:55,__generator
FN:55,sent
FN:55,g.<computed>
FN:55,verb
FN:55,step
FN:55,__importDefault
FN:22,AuthenticateUserService
FN:30,AuthenticateUserService.execute
FNF:16
FNH:14
FNDA:1,__decorate
FNDA:1,__metadata
FNDA:2,__param
FNDA:3,__awaiter
FNDA:5,adopt
FNDA:5,fulfilled
FNDA:0,rejected
FNDA:6,step
FNDA:3,__generator
FNDA:5,sent
FNDA:0,g.<computed>
FNDA:9,verb
FNDA:8,step
FNDA:2,__importDefault
FNDA:3,AuthenticateUserService
FNDA:3,AuthenticateUserService.execute
DA:1,1
DA:2,1
DA:3,1
DA:4,1
DA:5,1
DA:6,1
DA:7,1
DA:8,1
DA:9,1
DA:10,1
DA:11,1
DA:12,1
DA:13,1
DA:14,1
DA:15,1
DA:16,1
DA:17,1
DA:18,1
DA:19,1
DA:20,1
DA:21,1
DA:22,1
DA:23,3
DA:24,3
DA:25,3
DA:26,3
DA:27,3
DA:28,3
DA:29,1
DA:30,1
DA:31,3
DA:32,3
DA:33,3
DA:34,1
DA:35,1
DA:36,2
DA:37,2
DA:38,2
DA:39,2
DA:40,2
DA:41,3
DA:42,3
DA:43,1
DA:44,1
DA:45,1
DA:46,1
DA:47,1
DA:48,1
DA:49,1
DA:50,1
DA:51,1
DA:52,1
DA:53,1
DA:54,3
DA:55,1
LF:55
LH:55
BRDA:55,0,0,1
BRDA:55,1,0,1
BRDA:55,2,0,0
BRDA:55,3,0,0
BRDA:55,4,0,0
BRDA:55,5,0,0
BRDA:55,6,0,1
BRDA:55,7,0,2
BRDA:55,8,0,2
BRDA:55,9,0,3
BRDA:55,10,0,5
BRDA:55,11,0,0
BRDA:55,12,0,3
BRDA:55,13,0,5
BRDA:55,14,0,2
BRDA:55,15,0,6
BRDA:55,16,0,1
BRDA:55,17,0,5
BRDA:55,18,0,3
BRDA:55,19,0,5
BRDA:55,20,0,0
BRDA:55,21,0,9
BRDA:55,22,0,8
BRDA:55,23,0,8
BRDA:55,24,0,0
BRDA:55,25,0,16
BRDA:55,26,0,0
BRDA:55,27,0,0
BRDA:55,28,0,0
BRDA:55,29,0,0
BRDA:55,30,0,8
BRDA:55,31,0,8
BRDA:55,32,0,5
BRDA:55,33,0,0
BRDA:55,34,0,0
BRDA:55,35,0,3
BRDA:55,36,0,0
BRDA:55,37,0,1
BRDA:55,38,0,0
BRDA:55,39,0,0
BRDA:55,40,0,0
BRDA:55,41,0,0
BRDA:55,42,0,8
BRDA:55,43,0,2
BRDA:55,44,0,8
BRDA:55,45,0,3
BRDA:55,46,0,2
BRDA:55,47,0,1
BRDA:55,48,0,0
BRDA:55,49,0,2
BRDA:55,50,0,0
BRDA:21,51,0,1
BRDA:22,52,0,3
BRDA:30,53,0,3
BRDA:55,54,0,3
BRDA:55,55,0,8
BRDA:31,56,0,3
BRDA:55,57,0,3
BRDA:33,58,0,1
BRDA:35,59,0,2
BRDA:55,60,0,2
BRDA:42,61,0,1
BRF:62
BRH:42
end_of_record
TN:
SF:src/modules/users/services/CreateUserService.ts
FN:46,__decorate
FN:46,__metadata
FN:46,__param
FN:46,__awaiter
FN:46,adopt
FN:46,fulfilled
FN:46,rejected
FN:46,step
FN:46,__generator
FN:46,sent
FN:46,g.<computed>
FN:46,verb
FN:46,step
FN:46,__importDefault
FN:17,CreateUserService
FN:25,CreateUserService.execute
FNF:16
FNH:14
FNDA:2,__decorate
FNDA:2,__metadata
FNDA:4,__param
FNDA:5,__awaiter
FNDA:17,adopt
FNDA:17,fulfilled
FNDA:0,rejected
FNDA:21,step
FNDA:5,__generator
FNDA:17,sent
FNDA:0,g.<computed>
FNDA:15,verb
FNDA:22,step
FNDA:2,__importDefault
FNDA:5,CreateUserService
FNDA:5,CreateUserService.execute
DA:1,1
DA:2,1
DA:3,1
DA:4,1
DA:5,1
DA:6,1
DA:7,1
DA:8,1
DA:9,1
DA:10,1
DA:11,1
DA:12,1
DA:13,1
DA:14,1
DA:15,1
DA:16,2
DA:17,2
DA:18,5
DA:19,5
DA:20,5
DA:21,5
DA:22,5
DA:23,5
DA:24,2
DA:25,2
DA:26,5
DA:27,5
DA:28,5
DA:29,1
DA:30,1
DA:31,4
DA:32,4
DA:33,5
DA:34,5
DA:35,5
DA:36,5
DA:37,5
DA:38,5
DA:39,5
DA:40,5
DA:41,5
DA:42,5
DA:43,5
DA:44,2
DA:45,1
DA:46,1
LF:46
LH:46
BRDA:46,0,0,2
BRDA:46,1,0,2
BRDA:46,2,0,0
BRDA:46,3,0,0
BRDA:46,4,0,0
BRDA:46,5,0,0
BRDA:46,6,0,2
BRDA:46,7,0,4
BRDA:46,8,0,4
BRDA:46,9,0,5
BRDA:46,10,0,17
BRDA:46,11,0,0
BRDA:46,12,0,5
BRDA:46,13,0,17
BRDA:46,14,0,1
BRDA:46,15,0,21
BRDA:46,16,0,4
BRDA:46,17,0,17
BRDA:46,18,0,5
BRDA:46,19,0,17
BRDA:46,20,0,0
BRDA:46,21,0,15
BRDA:46,22,0,22
BRDA:46,23,0,22
BRDA:46,24,0,0
BRDA:46,25,0,44
BRDA:46,26,0,0
BRDA:46,27,0,0
BRDA:46,28,0,0
BRDA:46,29,0,0
BRDA:46,30,0,22
BRDA:46,31,0,22
BRDA:46,32,0,17
BRDA:46,33,0,0
BRDA:46,34,0,0
BRDA:46,35,0,5
BRDA:46,36,0,0
BRDA:46,37,0,4
BRDA:46,38,0,0
BRDA:46,39,0,0
BRDA:46,40,0,0
BRDA:46,41,0,0
BRDA:46,42,0,22
BRDA:46,43,0,1
BRDA:46,44,0,22
BRDA:46,45,0,5
BRDA:46,46,0,1
BRDA:46,47,0,4
BRDA:46,48,0,0
BRDA:46,49,0,2
BRDA:46,50,0,0
BRDA:16,51,0,2
BRDA:17,52,0,5
BRDA:25,53,0,5
BRDA:46,54,0,5
BRDA:46,55,0,22
BRDA:26,56,0,5
BRDA:46,57,0,5
BRDA:28,58,0,1
BRDA:30,59,0,4
BRDA:46,60,0,4
BRDA:46,61,0,4
BRDA:46,62,0,4
BRF:63
BRH:43
end_of_record
TN:
SF:src/modules/users/services/ResetPasswordService.ts
FN:53,__decorate
FN:53,__metadata
FN:53,__param
FN:53,__awaiter
FN:53,adopt
FN:53,fulfilled
FN:53,rejected
FN:53,step
FN:53,__generator
FN:53,sent
FN:53,g.<computed>
FN:53,verb
FN:53,step
FN:53,__importDefault
FN:18,ResetPasswordService
FN:29,ResetPasswordService.execute
FNF:16
FNH:14
FNDA:1,__decorate
FNDA:1,__metadata
FNDA:3,__param
FNDA:4,__awaiter
FNDA:9,adopt
FNDA:9,fulfilled
FNDA:0,rejected
FNDA:10,step
FNDA:4,__generator
FNDA:9,sent
FNDA:0,g.<computed>
FNDA:12,verb
FNDA:13,step
FNDA:1,__importDefault
FNDA:4,ResetPasswordService
FNDA:4,ResetPasswordService.execute
DA:1,1
DA:2,1
DA:3,1
DA:4,1
DA:5,1
DA:6,1
DA:7,1
DA:8,1
DA:9,1
DA:10,1
DA:11,1
DA:12,1
DA:13,1
DA:14,1
DA:15,1
DA:16,1
DA:17,1
DA:18,1
DA:19,4
DA:20,4
DA:21,4
DA:22,4
DA:23,4
DA:24,4
DA:25,4
DA:26,4
DA:27,4
DA:28,1
DA:29,1
DA:30,4
DA:31,4
DA:32,4
DA:33,1
DA:34,1
DA:35,3
DA:36,4
DA:37,4
DA:38,1
DA:39,1
DA:40,2
DA:41,2
DA:42,2
DA:43,4
DA:44,1
DA:45,1
DA:46,1
DA:47,1
DA:48,4
DA:49,4
DA:50,4
DA:51,1
DA:52,1
DA:53,1
LF:53
LH:53
BRDA:53,0,0,1
BRDA:53,1,0,1
BRDA:53,2,0,0
BRDA:53,3,0,0
BRDA:53,4,0,0
BRDA:53,5,0,0
BRDA:53,6,0,1
BRDA:53,7,0,3
BRDA:53,8,0,3
BRDA:53,9,0,4
BRDA:53,10,0,9
BRDA:53,11,0,0
BRDA:53,12,0,4
BRDA:53,13,0,9
BRDA:53,14,0,3
BRDA:53,15,0,10
BRDA:53,16,0,1
BRDA:53,17,0,9
BRDA:53,18,0,4
BRDA:53,19,0,9
BRDA:53,20,0,0
BRDA:53,21,0,12
BRDA:53,22,0,13
BRDA:53,23,0,13
BRDA:53,24,0,0
BRDA:53,25,0,26
BRDA:53,26,0,0
BRDA:53,27,0,0
BRDA:53,28,0,0
BRDA:53,29,0,0
BRDA:53,30,0,13
BRDA:53,31,0,13
BRDA:53,32,0,9
BRDA:53,33,0,0
BRDA:53,34,0,0
BRDA:53,35,0,4
BRDA:53,36,0,0
BRDA:53,37,0,1
BRDA:53,38,0,0
BRDA:53,39,0,0
BRDA:53,40,0,0
BRDA:53,41,0,0
BRDA:53,42,0,13
BRDA:53,43,0,3
BRDA:53,44,0,13
BRDA:53,45,0,4
BRDA:53,46,0,3
BRDA:53,47,0,1
BRDA:53,48,0,0
BRDA:53,49,0,1
BRDA:53,50,0,0
BRDA:17,51,0,1
BRDA:18,52,0,4
BRDA:29,53,0,4
BRDA:53,54,0,4
BRDA:53,55,0,13
BRDA:30,56,0,4
BRDA:53,57,0,4
BRDA:32,58,0,1
BRDA:34,59,0,3
BRDA:53,60,0,3
BRDA:37,61,0,1
BRDA:39,62,0,2
BRDA:43,63,0,1
BRDA:53,64,0,1
BRDA:53,65,0,1
BRF:66
BRH:46
end_of_record
TN:
SF:src/modules/users/services/SendForgotPasswordEmailService.ts
FN:61,__decorate
FN:61,__metadata
FN:61,__param
FN:61,__awaiter
FN:61,adopt
FN:61,fulfilled
FN:61,rejected
FN:61,step
FN:61,__generator
FN:61,sent
FN:61,g.<computed>
FN:61,verb
FN:61,step
FN:61,__importDefault
FN:17,SendForgotPasswordEmailService
FN:28,SendForgotPasswordEmailService.execute
FNF:16
FNH:14
FNDA:1,__decorate
FNDA:1,__metadata
FNDA:3,__param
FNDA:3,__awaiter
FNDA:7,adopt
FNDA:7,fulfilled
FNDA:0,rejected
FNDA:9,step
FNDA:3,__generator
FNDA:7,sent
FNDA:0,g.<computed>
FNDA:9,verb
FNDA:10,step
FNDA:2,__importDefault
FNDA:3,SendForgotPasswordEmailService
FNDA:3,SendForgotPasswordEmailService.execute
DA:1,1
DA:2,1
DA:3,1
DA:4,1
DA:5,1
DA:6,1
DA:7,1
DA:8,1
DA:9,1
DA:10,1
DA:11,1
DA:12,1
DA:13,1
DA:14,1
DA:15,1
DA:16,1
DA:17,1
DA:18,3
DA:19,3
DA:20,3
DA:21,3
DA:22,3
DA:23,3
DA:24,3
DA:25,3
DA:26,3
DA:27,1
DA:28,1
DA:29,3
DA:30,3
DA:31,3
DA:32,1
DA:33,1
DA:34,2
DA:35,2
DA:36,3
DA:37,3
DA:38,3
DA:39,3
DA:40,3
DA:41,3
DA:42,3
DA:43,3
DA:44,3
DA:45,3
DA:46,3
DA:47,3
DA:48,3
DA:49,3
DA:50,3
DA:51,3
DA:52,3
DA:53,3
DA:54,3
DA:55,3
DA:56,3
DA:57,3
DA:58,3
DA:59,1
DA:60,1
DA:61,1
LF:61
LH:61
BRDA:61,0,0,1
BRDA:61,1,0,1
BRDA:61,2,0,0
BRDA:61,3,0,0
BRDA:61,4,0,0
BRDA:61,5,0,0
BRDA:61,6,0,1
BRDA:61,7,0,3
BRDA:61,8,0,3
BRDA:61,9,0,3
BRDA:61,10,0,7
BRDA:61,11,0,0
BRDA:61,12,0,3
BRDA:61,13,0,7
BRDA:61,14,0,1
BRDA:61,15,0,9
BRDA:61,16,0,2
BRDA:61,17,0,7
BRDA:61,18,0,3
BRDA:61,19,0,7
BRDA:61,20,0,0
BRDA:61,21,0,9
BRDA:61,22,0,10
BRDA:61,23,0,10
BRDA:61,24,0,0
BRDA:61,25,0,20
BRDA:61,26,0,0
BRDA:61,27,0,0
BRDA:61,28,0,0
BRDA:61,29,0,0
BRDA:61,30,0,10
BRDA:61,31,0,10
BRDA:61,32,0,7
BRDA:61,33,0,0
BRDA:61,34,0,0
BRDA:61,35,0,3
BRDA:61,36,0,0
BRDA:61,37,0,2
BRDA:61,38,0,0
BRDA:61,39,0,0
BRDA:61,40,0,0
BRDA:61,41,0,0
BRDA:61,42,0,10
BRDA:61,43,0,1
BRDA:61,44,0,10
BRDA:61,45,0,3
BRDA:61,46,0,1
BRDA:61,47,0,2
BRDA:61,48,0,0
BRDA:61,49,0,2
BRDA:61,50,0,1
BRDA:61,51,0,1
BRDA:16,52,0,1
BRDA:17,53,0,3
BRDA:28,54,0,3
BRDA:61,55,0,3
BRDA:61,56,0,10
BRDA:29,57,0,3
BRDA:61,58,0,3
BRDA:31,59,0,1
BRDA:33,60,0,2
BRDA:61,61,0,2
BRDA:61,62,0,2
BRF:63
BRH:44
end_of_record
TN:
SF:src/modules/users/services/UpdateUserAvatarService.ts
FN:44,__decorate
FN:44,__metadata
FN:44,__param
FN:44,__awaiter
FN:44,adopt
FN:44,fulfilled
FN:44,rejected
FN:44,step
FN:44,__generator
FN:44,sent
FN:44,g.<computed>
FN:44,verb
FN:44,step
FN:44,__importDefault
FN:15,UpdateUserAvatarService
FN:23,UpdateUserAvatarService.execute
FNF:16
FNH:14
FNDA:1,__decorate
FNDA:1,__metadata
FNDA:2,__param
FNDA:4,__awaiter
FNDA:11,adopt
FNDA:11,fulfilled
FNDA:0,rejected
FNDA:14,step
FNDA:4,__generator
FNDA:11,sent
FNDA:0,g.<computed>
FNDA:12,verb
FNDA:15,step
FNDA:1,__importDefault
FNDA:3,UpdateUserAvatarService
FNDA:4,UpdateUserAvatarService.execute
DA:1,1
DA:2,1
DA:3,1
DA:4,1
DA:5,1
DA:6,1
DA:7,1
DA:8,1
DA:9,1
DA:10,1
DA:11,1
DA:12,1
DA:13,1
DA:14,1
DA:15,1
DA:16,3
DA:17,3
DA:18,3
DA:19,3
DA:20,3
DA:21,3
DA:22,1
DA:23,1
DA:24,4
DA:25,4
DA:26,4
DA:27,1
DA:28,1
DA:29,3
DA:30,3
DA:31,1
DA:32,4
DA:33,4
DA:34,4
DA:35,4
DA:36,4
DA:37,4
DA:38,4
DA:39,4
DA:40,4
DA:41,4
DA:42,1
DA:43,1
DA:44,1
LF:44
LH:44
BRDA:44,0,0,1
BRDA:44,1,0,1
BRDA:44,2,0,0
BRDA:44,3,0,0
BRDA:44,4,0,0
BRDA:44,5,0,0
BRDA:44,6,0,1
BRDA:44,7,0,2
BRDA:44,8,0,2
BRDA:44,9,0,4
BRDA:44,10,0,11
BRDA:44,11,0,0
BRDA:44,12,0,4
BRDA:44,13,0,11
BRDA:44,14,0,1
BRDA:44,15,0,14
BRDA:44,16,0,3
BRDA:44,17,0,11
BRDA:44,18,0,4
BRDA:44,19,0,11
BRDA:44,20,0,0
BRDA:44,21,0,12
BRDA:44,22,0,15
BRDA:44,23,0,15
BRDA:44,24,0,0
BRDA:44,25,0,32
BRDA:44,26,0,0
BRDA:44,27,0,0
BRDA:44,28,0,0
BRDA:44,29,0,0
BRDA:44,30,0,15
BRDA:44,31,0,15
BRDA:44,32,0,11
BRDA:44,33,0,0
BRDA:44,34,0,0
BRDA:44,35,0,6
BRDA:44,36,0,0
BRDA:44,37,0,5
BRDA:44,38,0,4
BRDA:44,39,0,2
BRDA:44,40,0,0
BRDA:44,41,0,2
BRDA:44,42,0,0
BRDA:44,43,0,0
BRDA:44,44,0,0
BRDA:44,45,0,17
BRDA:44,46,0,1
BRDA:44,47,0,17
BRDA:44,48,0,4
BRDA:44,49,0,1
BRDA:44,50,0,3
BRDA:44,51,0,0
BRDA:44,52,0,1
BRDA:44,53,0,0
BRDA:14,54,0,1
BRDA:15,55,0,3
BRDA:23,56,0,4
BRDA:44,57,0,4
BRDA:44,58,0,17
BRDA:24,59,0,4
BRDA:44,60,0,4
BRDA:26,61,0,1
BRDA:28,62,0,3
BRDA:30,63,0,2
BRDA:30,64,0,1
BRDA:44,65,0,1
BRDA:34,66,0,3
BRDA:44,67,0,3
BRDA:44,68,0,3
BRF:69
BRH:49
end_of_record
